[0.027s] Invoking command in '/root/dev_ws/build/my_bot': /usr/bin/cmake --build /root/dev_ws/build/my_bot -- -j16 -l16
[0.137s] Invoked command in '/root/dev_ws/build/my_bot' returned '0': /usr/bin/cmake --build /root/dev_ws/build/my_bot -- -j16 -l16
[0.186s] Invoking command in '/root/dev_ws/build/my_bot': /usr/bin/cmake --install /root/dev_ws/build/my_bot
[0.197s] -- Install configuration: ""
[0.200s] -- Execute custom install script
[0.203s] -- Up-to-date symlink: /root/dev_ws/install/my_bot/share/my_bot/config/empty.yaml
[0.203s] -- Up-to-date symlink: /root/dev_ws/install/my_bot/share/my_bot/config/view_bot.rviz
[0.204s] -- Up-to-date symlink: /root/dev_ws/install/my_bot/share/my_bot/description/gazebo_control.xacro
[0.205s] -- Up-to-date symlink: /root/dev_ws/install/my_bot/share/my_bot/description/inertial_macros.xacro
[0.205s] -- Up-to-date symlink: /root/dev_ws/install/my_bot/share/my_bot/description/robot.urdf.xacro
[0.205s] -- Up-to-date symlink: /root/dev_ws/install/my_bot/share/my_bot/description/robot_core.xacro
[0.207s] -- Up-to-date symlink: /root/dev_ws/install/my_bot/share/my_bot/launch/launch_sim.launch.py
[0.207s] -- Up-to-date symlink: /root/dev_ws/install/my_bot/share/my_bot/launch/rsp.launch.py
[0.207s] -- Up-to-date symlink: /root/dev_ws/install/my_bot/share/my_bot/worlds/empty.world
[0.208s] -- Up-to-date symlink: /root/dev_ws/install/my_bot/share/ament_index/resource_index/package_run_dependencies/my_bot
[0.209s] -- Up-to-date symlink: /root/dev_ws/install/my_bot/share/ament_index/resource_index/parent_prefix_path/my_bot
[0.209s] -- Up-to-date symlink: /root/dev_ws/install/my_bot/share/my_bot/environment/ament_prefix_path.sh
[0.210s] -- Up-to-date symlink: /root/dev_ws/install/my_bot/share/my_bot/environment/ament_prefix_path.dsv
[0.210s] -- Up-to-date symlink: /root/dev_ws/install/my_bot/share/my_bot/environment/path.sh
[0.211s] -- Up-to-date symlink: /root/dev_ws/install/my_bot/share/my_bot/environment/path.dsv
[0.211s] -- Up-to-date symlink: /root/dev_ws/install/my_bot/share/my_bot/local_setup.bash
[0.212s] -- Up-to-date symlink: /root/dev_ws/install/my_bot/share/my_bot/local_setup.sh
[0.212s] -- Up-to-date symlink: /root/dev_ws/install/my_bot/share/my_bot/local_setup.zsh
[0.212s] -- Up-to-date symlink: /root/dev_ws/install/my_bot/share/my_bot/local_setup.dsv
[0.212s] -- Symlinking: /root/dev_ws/install/my_bot/share/my_bot/package.dsv
[0.232s] -- Up-to-date symlink: /root/dev_ws/install/my_bot/share/ament_index/resource_index/packages/my_bot
[0.233s] -- Up-to-date symlink: /root/dev_ws/install/my_bot/share/my_bot/cmake/my_botConfig.cmake
[0.233s] -- Up-to-date symlink: /root/dev_ws/install/my_bot/share/my_bot/cmake/my_botConfig-version.cmake
[0.233s] -- Up-to-date symlink: /root/dev_ws/install/my_bot/share/my_bot/package.xml
[0.239s] Invoked command in '/root/dev_ws/build/my_bot' returned '0': /usr/bin/cmake --install /root/dev_ws/build/my_bot
