[0.000000] (-) TimerEvent: {}
[0.001588] (my_bot) JobQueued: {'identifier': 'my_bot', 'dependencies': OrderedDict()}
[0.001676] (my_bot) JobStarted: {'identifier': 'my_bot'}
[0.018614] (my_bot) JobProgress: {'identifier': 'my_bot', 'progress': 'cmake'}
[0.019329] (my_bot) Command: {'cmd': ['/usr/bin/cmake', '/root/dev_ws/src/my_bot', '-DAMENT_CMAKE_SYMLINK_INSTALL=1', '-DCMAKE_INSTALL_PREFIX=/root/dev_ws/install/my_bot'], 'cwd': '/root/dev_ws/build/my_bot', 'env': OrderedDict([('LESS_TERMCAP_se', '\x1b[0m'), ('HISTFILESIZE', '10000'), ('HISTTIMEFORMAT', '%F %T'), ('USER', 'root'), ('LESS_TERMCAP_ue', '\x1b[0m'), ('STARSHIP_SHELL', 'bash'), ('SSH_AGENT_PID', '29627'), ('XDG_CACHE_HOME', '/root/.cache'), ('SHLVL', '1'), ('LD_LIBRARY_PATH', '/opt/ros/rolling/opt/rviz_ogre_vendor/lib:/opt/ros/rolling/lib/x86_64-linux-gnu:/opt/ros/rolling/lib'), ('WT_PROFILE_ID', '{e5a83caa-4c73-52b3-ae6b-bc438d721ef9}'), ('MOTD_SHOWN', 'update-motd'), ('HOME', '/root'), ('OLDPWD', '/root'), ('ROS_PYTHON_VERSION', '3'), ('LESS_TERMCAP_so', '\x1b[01;44;33m'), ('LINUXTOOLBOXDIR', '/root/linuxtoolbox'), ('VISUAL', 'nvim'), ('XDG_STATE_HOME', '/root/.local/state'), ('DBUS_SESSION_BUS_ADDRESS', 'unix:path=/run/user/0/bus'), ('WSL_DISTRO_NAME', 'Ubuntu-22.04'), ('WAYLAND_DISPLAY', 'wayland-0'), ('COLCON_PREFIX_PATH', '/root/dev_ws/install:/correct/path/to/install'), ('ROS_DISTRO', 'rolling'), ('LOGNAME', 'root'), ('NAME', 'strix-g15'), ('WSL_INTEROP', '/run/WSL/363_interop'), ('LESS_TERMCAP_us', '\x1b[01;32m'), ('PULSE_SERVER', 'unix:/mnt/wslg/PulseServer'), ('_', '/usr/bin/colcon'), ('ROS_VERSION', '2'), ('TERM', 'xterm-256color'), ('HISTCONTROL', 'erasedups:ignoredups:ignorespace'), ('PATH', '/opt/ros/rolling/bin:/usr/local/sbin:/usr/local/bin:/usr/sbin:/usr/bin:/sbin:/bin:/usr/games:/usr/local/games:/usr/lib/wsl/lib:/mnt/c/Program Files/Alacritty/:/mnt/c/Windows/system32:/mnt/c/Windows:/mnt/c/Windows/System32/Wbem:/mnt/c/Windows/System32/WindowsPowerShell/v1.0/:/mnt/c/Windows/System32/OpenSSH/:/mnt/c/Program Files (x86)/NVIDIA Corporation/PhysX/Common:/mnt/c/Program Files/dotnet/:/mnt/c/ProgramData/chocolatey/bin:/mnt/c/Program Files/nodejs/:/mnt/c/Program Files/NVIDIA Corporation/NVIDIA app/NvDLISR:/mnt/c/Program Files/PowerShell/7/:/mnt/c/Program Files/Process Lasso/:/mnt/c/Users/suraj/AppData/Local/Programs/Python/Python312/Scripts/:/mnt/c/Users/suraj/AppData/Local/Programs/Python/Python312/:/mnt/c/Users/suraj/AppData/Local/Microsoft/WindowsApps:/mnt/c/Users/suraj/AppData/Local/Programs/Microsoft VS Code/bin:/mnt/c/Program Files/JetBrains/PyCharm Community Edition 2023.3.3/bin:/mnt/c/Users/suraj/AppData/Local/Programs/oh-my-posh/bin:/mnt/c/Users/suraj/AppData/Local/Microsoft/WinGet/Links:/mnt/c/Users/suraj/AppData/Roaming/npm:/snap/bin:/root/.local/bin:/root/.cargo/bin:/var/lib/flatpak/exports/bin:/.local/share/flatpak/exports/bin'), ('WT_SESSION', '647f0edd-2b56-4aee-a5eb-f1ecaf339aa9'), ('XDG_RUNTIME_DIR', '/run/user/0/'), ('DISPLAY', ':0'), ('HISTSIZE', '500'), ('LANG', 'en_US.UTF-8'), ('XDG_DATA_HOME', '/root/.local/share'), ('XDG_CONFIG_HOME', '/root/.config'), ('LS_COLORS', 'no=00:fi=00:di=00;34:ln=01;36:pi=40;33:so=01;35:do=01;35:bd=40;33;01:cd=40;33;01:or=40;31;01:ex=01;32:*.tar=01;31:*.tgz=01;31:*.arj=01;31:*.taz=01;31:*.lzh=01;31:*.zip=01;31:*.z=01;31:*.Z=01;31:*.gz=01;31:*.bz2=01;31:*.deb=01;31:*.rpm=01;31:*.jar=01;31:*.jpg=01;35:*.jpeg=01;35:*.gif=01;35:*.bmp=01;35:*.pbm=01;35:*.pgm=01;35:*.ppm=01;35:*.tga=01;35:*.xbm=01;35:*.xpm=01;35:*.tif=01;35:*.tiff=01;35:*.png=01;35:*.mov=01;35:*.mpg=01;35:*.mpeg=01;35:*.avi=01;35:*.fli=01;35:*.gl=01;35:*.dl=01;35:*.xcf=01;35:*.xwd=01;35:*.ogg=01;35:*.mp3=01;35:*.wav=01;35:*.xml=00;31:'), ('SSH_AUTH_SOCK', '/tmp/ssh-XXXXXXolMUZt/agent.29626'), ('AMENT_PREFIX_PATH', '/root/dev_ws/install/my_bot:/opt/ros/rolling:/correct/path/to/install/my_bot'), ('SHELL', '/bin/bash'), ('LESS_TERMCAP_mb', '\x1b[01;31m'), ('ROS_AUTOMATIC_DISCOVERY_RANGE', 'SUBNET'), ('LESS_TERMCAP_md', '\x1b[01;31m'), ('PWD', '/root/dev_ws/build/my_bot'), ('CLICOLOR', '1'), ('LESS_TERMCAP_me', '\x1b[0m'), ('XDG_DATA_DIRS', '/usr/local/share:/usr/share:/var/lib/snapd/desktop'), ('STARSHIP_SESSION_KEY', '1056112664268346'), ('PYTHONPATH', '/opt/ros/rolling/lib/python3.10/site-packages'), ('COLCON', '1'), ('WSL2_GUI_APPS_ENABLED', '1'), ('HOSTTYPE', 'x86_64'), ('EDITOR', 'nvim'), ('CMAKE_PREFIX_PATH', '/root/dev_ws/install/my_bot:/correct/path/to/install/my_bot:/opt/ros/rolling'), ('WSLENV', 'WT_SESSION:WT_PROFILE_ID:')]), 'shell': False}
[0.099566] (-) TimerEvent: {}
[0.200068] (-) TimerEvent: {}
[0.300573] (-) TimerEvent: {}
[0.379633] (my_bot) StdoutLine: {'line': b'-- The C compiler identification is GNU 11.4.0\n'}
[0.400713] (-) TimerEvent: {}
[0.501158] (-) TimerEvent: {}
[0.601652] (-) TimerEvent: {}
[0.702082] (-) TimerEvent: {}
[0.802508] (-) TimerEvent: {}
[0.902939] (-) TimerEvent: {}
[1.003384] (-) TimerEvent: {}
[1.092576] (my_bot) StdoutLine: {'line': b'-- The CXX compiler identification is GNU 11.4.0\n'}
[1.103552] (-) TimerEvent: {}
[1.204021] (-) TimerEvent: {}
[1.304512] (-) TimerEvent: {}
[1.404988] (-) TimerEvent: {}
[1.505409] (-) TimerEvent: {}
[1.546240] (my_bot) StdoutLine: {'line': b'-- Detecting C compiler ABI info\n'}
[1.605603] (-) TimerEvent: {}
[1.706033] (-) TimerEvent: {}
[1.761329] (my_bot) StdoutLine: {'line': b'-- Detecting C compiler ABI info - done\n'}
[1.770741] (my_bot) StdoutLine: {'line': b'-- Check for working C compiler: /usr/bin/cc - skipped\n'}
[1.771491] (my_bot) StdoutLine: {'line': b'-- Detecting C compile features\n'}
[1.772348] (my_bot) StdoutLine: {'line': b'-- Detecting C compile features - done\n'}
[1.777446] (my_bot) StdoutLine: {'line': b'-- Detecting CXX compiler ABI info\n'}
[1.806205] (-) TimerEvent: {}
[1.906626] (-) TimerEvent: {}
[2.000823] (my_bot) StdoutLine: {'line': b'-- Detecting CXX compiler ABI info - done\n'}
[2.006716] (-) TimerEvent: {}
[2.010317] (my_bot) StdoutLine: {'line': b'-- Check for working CXX compiler: /usr/bin/c++ - skipped\n'}
[2.010767] (my_bot) StdoutLine: {'line': b'-- Detecting CXX compile features\n'}
[2.011387] (my_bot) StdoutLine: {'line': b'-- Detecting CXX compile features - done\n'}
[2.022350] (my_bot) StdoutLine: {'line': b'-- Found ament_cmake: 2.3.2 (/opt/ros/rolling/share/ament_cmake/cmake)\n'}
[2.106928] (-) TimerEvent: {}
[2.207364] (-) TimerEvent: {}
[2.235678] (my_bot) StdoutLine: {'line': b'-- Found Python3: /usr/bin/python3.10 (found version "3.10.12") found components: Interpreter \n'}
[2.307560] (-) TimerEvent: {}
[2.338653] (my_bot) StdoutLine: {'line': b'-- Override CMake install command with custom implementation using symlinks instead of copying resources\n'}
[2.394735] (my_bot) StdoutLine: {'line': b'-- Found ament_lint_auto: 0.16.3 (/opt/ros/rolling/share/ament_lint_auto/cmake)\n'}
[2.407728] (-) TimerEvent: {}
[2.507878] (my_bot) StdoutLine: {'line': b"-- Added test 'copyright' to check source files copyright and LICENSE\n"}
[2.508122] (-) TimerEvent: {}
[2.517425] (my_bot) StdoutLine: {'line': b"-- Added test 'flake8' to check Python code syntax and style conventions\n"}
[2.517620] (my_bot) StdoutLine: {'line': b"-- Configured 'flake8' exclude dirs and/or files: \n"}
[2.519272] (my_bot) StdoutLine: {'line': b"-- Added test 'lint_cmake' to check CMake code style\n"}
[2.520951] (my_bot) StdoutLine: {'line': b"-- Added test 'pep257' to check Python code against some of the docstring style conventions in PEP 257\n"}
[2.526614] (my_bot) StdoutLine: {'line': b"-- Added test 'xmllint' to check XML markup files\n"}
[2.530365] (my_bot) StdoutLine: {'line': b'-- Configuring done\n'}
[2.537960] (my_bot) StdoutLine: {'line': b'-- Generating done\n'}
[2.539524] (my_bot) StdoutLine: {'line': b'-- Build files have been written to: /root/dev_ws/build/my_bot\n'}
[2.545049] (my_bot) CommandEnded: {'returncode': 0}
[2.545891] (my_bot) JobProgress: {'identifier': 'my_bot', 'progress': 'build'}
[2.548075] (my_bot) Command: {'cmd': ['/usr/bin/cmake', '--build', '/root/dev_ws/build/my_bot', '--', '-j16', '-l16'], 'cwd': '/root/dev_ws/build/my_bot', 'env': OrderedDict([('LESS_TERMCAP_se', '\x1b[0m'), ('HISTFILESIZE', '10000'), ('HISTTIMEFORMAT', '%F %T'), ('USER', 'root'), ('LESS_TERMCAP_ue', '\x1b[0m'), ('STARSHIP_SHELL', 'bash'), ('SSH_AGENT_PID', '29627'), ('XDG_CACHE_HOME', '/root/.cache'), ('SHLVL', '1'), ('LD_LIBRARY_PATH', '/opt/ros/rolling/opt/rviz_ogre_vendor/lib:/opt/ros/rolling/lib/x86_64-linux-gnu:/opt/ros/rolling/lib'), ('WT_PROFILE_ID', '{e5a83caa-4c73-52b3-ae6b-bc438d721ef9}'), ('MOTD_SHOWN', 'update-motd'), ('HOME', '/root'), ('OLDPWD', '/root'), ('ROS_PYTHON_VERSION', '3'), ('LESS_TERMCAP_so', '\x1b[01;44;33m'), ('LINUXTOOLBOXDIR', '/root/linuxtoolbox'), ('VISUAL', 'nvim'), ('XDG_STATE_HOME', '/root/.local/state'), ('DBUS_SESSION_BUS_ADDRESS', 'unix:path=/run/user/0/bus'), ('WSL_DISTRO_NAME', 'Ubuntu-22.04'), ('WAYLAND_DISPLAY', 'wayland-0'), ('COLCON_PREFIX_PATH', '/root/dev_ws/install:/correct/path/to/install'), ('ROS_DISTRO', 'rolling'), ('LOGNAME', 'root'), ('NAME', 'strix-g15'), ('WSL_INTEROP', '/run/WSL/363_interop'), ('LESS_TERMCAP_us', '\x1b[01;32m'), ('PULSE_SERVER', 'unix:/mnt/wslg/PulseServer'), ('_', '/usr/bin/colcon'), ('ROS_VERSION', '2'), ('TERM', 'xterm-256color'), ('HISTCONTROL', 'erasedups:ignoredups:ignorespace'), ('PATH', '/opt/ros/rolling/bin:/usr/local/sbin:/usr/local/bin:/usr/sbin:/usr/bin:/sbin:/bin:/usr/games:/usr/local/games:/usr/lib/wsl/lib:/mnt/c/Program Files/Alacritty/:/mnt/c/Windows/system32:/mnt/c/Windows:/mnt/c/Windows/System32/Wbem:/mnt/c/Windows/System32/WindowsPowerShell/v1.0/:/mnt/c/Windows/System32/OpenSSH/:/mnt/c/Program Files (x86)/NVIDIA Corporation/PhysX/Common:/mnt/c/Program Files/dotnet/:/mnt/c/ProgramData/chocolatey/bin:/mnt/c/Program Files/nodejs/:/mnt/c/Program Files/NVIDIA Corporation/NVIDIA app/NvDLISR:/mnt/c/Program Files/PowerShell/7/:/mnt/c/Program Files/Process Lasso/:/mnt/c/Users/suraj/AppData/Local/Programs/Python/Python312/Scripts/:/mnt/c/Users/suraj/AppData/Local/Programs/Python/Python312/:/mnt/c/Users/suraj/AppData/Local/Microsoft/WindowsApps:/mnt/c/Users/suraj/AppData/Local/Programs/Microsoft VS Code/bin:/mnt/c/Program Files/JetBrains/PyCharm Community Edition 2023.3.3/bin:/mnt/c/Users/suraj/AppData/Local/Programs/oh-my-posh/bin:/mnt/c/Users/suraj/AppData/Local/Microsoft/WinGet/Links:/mnt/c/Users/suraj/AppData/Roaming/npm:/snap/bin:/root/.local/bin:/root/.cargo/bin:/var/lib/flatpak/exports/bin:/.local/share/flatpak/exports/bin'), ('WT_SESSION', '647f0edd-2b56-4aee-a5eb-f1ecaf339aa9'), ('XDG_RUNTIME_DIR', '/run/user/0/'), ('DISPLAY', ':0'), ('HISTSIZE', '500'), ('LANG', 'en_US.UTF-8'), ('XDG_DATA_HOME', '/root/.local/share'), ('XDG_CONFIG_HOME', '/root/.config'), ('LS_COLORS', 'no=00:fi=00:di=00;34:ln=01;36:pi=40;33:so=01;35:do=01;35:bd=40;33;01:cd=40;33;01:or=40;31;01:ex=01;32:*.tar=01;31:*.tgz=01;31:*.arj=01;31:*.taz=01;31:*.lzh=01;31:*.zip=01;31:*.z=01;31:*.Z=01;31:*.gz=01;31:*.bz2=01;31:*.deb=01;31:*.rpm=01;31:*.jar=01;31:*.jpg=01;35:*.jpeg=01;35:*.gif=01;35:*.bmp=01;35:*.pbm=01;35:*.pgm=01;35:*.ppm=01;35:*.tga=01;35:*.xbm=01;35:*.xpm=01;35:*.tif=01;35:*.tiff=01;35:*.png=01;35:*.mov=01;35:*.mpg=01;35:*.mpeg=01;35:*.avi=01;35:*.fli=01;35:*.gl=01;35:*.dl=01;35:*.xcf=01;35:*.xwd=01;35:*.ogg=01;35:*.mp3=01;35:*.wav=01;35:*.xml=00;31:'), ('SSH_AUTH_SOCK', '/tmp/ssh-XXXXXXolMUZt/agent.29626'), ('AMENT_PREFIX_PATH', '/root/dev_ws/install/my_bot:/opt/ros/rolling:/correct/path/to/install/my_bot'), ('SHELL', '/bin/bash'), ('LESS_TERMCAP_mb', '\x1b[01;31m'), ('ROS_AUTOMATIC_DISCOVERY_RANGE', 'SUBNET'), ('LESS_TERMCAP_md', '\x1b[01;31m'), ('PWD', '/root/dev_ws/build/my_bot'), ('CLICOLOR', '1'), ('LESS_TERMCAP_me', '\x1b[0m'), ('XDG_DATA_DIRS', '/usr/local/share:/usr/share:/var/lib/snapd/desktop'), ('STARSHIP_SESSION_KEY', '1056112664268346'), ('PYTHONPATH', '/opt/ros/rolling/lib/python3.10/site-packages'), ('COLCON', '1'), ('WSL2_GUI_APPS_ENABLED', '1'), ('HOSTTYPE', 'x86_64'), ('EDITOR', 'nvim'), ('CMAKE_PREFIX_PATH', '/root/dev_ws/install/my_bot:/correct/path/to/install/my_bot:/opt/ros/rolling'), ('WSLENV', 'WT_SESSION:WT_PROFILE_ID:')]), 'shell': False}
[2.589207] (my_bot) CommandEnded: {'returncode': 0}
[2.608390] (-) TimerEvent: {}
[2.619129] (my_bot) JobProgress: {'identifier': 'my_bot', 'progress': 'install'}
[2.630086] (my_bot) Command: {'cmd': ['/usr/bin/cmake', '--install', '/root/dev_ws/build/my_bot'], 'cwd': '/root/dev_ws/build/my_bot', 'env': OrderedDict([('LESS_TERMCAP_se', '\x1b[0m'), ('HISTFILESIZE', '10000'), ('HISTTIMEFORMAT', '%F %T'), ('USER', 'root'), ('LESS_TERMCAP_ue', '\x1b[0m'), ('STARSHIP_SHELL', 'bash'), ('SSH_AGENT_PID', '29627'), ('XDG_CACHE_HOME', '/root/.cache'), ('SHLVL', '1'), ('LD_LIBRARY_PATH', '/opt/ros/rolling/opt/rviz_ogre_vendor/lib:/opt/ros/rolling/lib/x86_64-linux-gnu:/opt/ros/rolling/lib'), ('WT_PROFILE_ID', '{e5a83caa-4c73-52b3-ae6b-bc438d721ef9}'), ('MOTD_SHOWN', 'update-motd'), ('HOME', '/root'), ('OLDPWD', '/root'), ('ROS_PYTHON_VERSION', '3'), ('LESS_TERMCAP_so', '\x1b[01;44;33m'), ('LINUXTOOLBOXDIR', '/root/linuxtoolbox'), ('VISUAL', 'nvim'), ('XDG_STATE_HOME', '/root/.local/state'), ('DBUS_SESSION_BUS_ADDRESS', 'unix:path=/run/user/0/bus'), ('WSL_DISTRO_NAME', 'Ubuntu-22.04'), ('WAYLAND_DISPLAY', 'wayland-0'), ('COLCON_PREFIX_PATH', '/root/dev_ws/install:/correct/path/to/install'), ('ROS_DISTRO', 'rolling'), ('LOGNAME', 'root'), ('NAME', 'strix-g15'), ('WSL_INTEROP', '/run/WSL/363_interop'), ('LESS_TERMCAP_us', '\x1b[01;32m'), ('PULSE_SERVER', 'unix:/mnt/wslg/PulseServer'), ('_', '/usr/bin/colcon'), ('ROS_VERSION', '2'), ('TERM', 'xterm-256color'), ('HISTCONTROL', 'erasedups:ignoredups:ignorespace'), ('PATH', '/opt/ros/rolling/bin:/usr/local/sbin:/usr/local/bin:/usr/sbin:/usr/bin:/sbin:/bin:/usr/games:/usr/local/games:/usr/lib/wsl/lib:/mnt/c/Program Files/Alacritty/:/mnt/c/Windows/system32:/mnt/c/Windows:/mnt/c/Windows/System32/Wbem:/mnt/c/Windows/System32/WindowsPowerShell/v1.0/:/mnt/c/Windows/System32/OpenSSH/:/mnt/c/Program Files (x86)/NVIDIA Corporation/PhysX/Common:/mnt/c/Program Files/dotnet/:/mnt/c/ProgramData/chocolatey/bin:/mnt/c/Program Files/nodejs/:/mnt/c/Program Files/NVIDIA Corporation/NVIDIA app/NvDLISR:/mnt/c/Program Files/PowerShell/7/:/mnt/c/Program Files/Process Lasso/:/mnt/c/Users/suraj/AppData/Local/Programs/Python/Python312/Scripts/:/mnt/c/Users/suraj/AppData/Local/Programs/Python/Python312/:/mnt/c/Users/suraj/AppData/Local/Microsoft/WindowsApps:/mnt/c/Users/suraj/AppData/Local/Programs/Microsoft VS Code/bin:/mnt/c/Program Files/JetBrains/PyCharm Community Edition 2023.3.3/bin:/mnt/c/Users/suraj/AppData/Local/Programs/oh-my-posh/bin:/mnt/c/Users/suraj/AppData/Local/Microsoft/WinGet/Links:/mnt/c/Users/suraj/AppData/Roaming/npm:/snap/bin:/root/.local/bin:/root/.cargo/bin:/var/lib/flatpak/exports/bin:/.local/share/flatpak/exports/bin'), ('WT_SESSION', '647f0edd-2b56-4aee-a5eb-f1ecaf339aa9'), ('XDG_RUNTIME_DIR', '/run/user/0/'), ('DISPLAY', ':0'), ('HISTSIZE', '500'), ('LANG', 'en_US.UTF-8'), ('XDG_DATA_HOME', '/root/.local/share'), ('XDG_CONFIG_HOME', '/root/.config'), ('LS_COLORS', 'no=00:fi=00:di=00;34:ln=01;36:pi=40;33:so=01;35:do=01;35:bd=40;33;01:cd=40;33;01:or=40;31;01:ex=01;32:*.tar=01;31:*.tgz=01;31:*.arj=01;31:*.taz=01;31:*.lzh=01;31:*.zip=01;31:*.z=01;31:*.Z=01;31:*.gz=01;31:*.bz2=01;31:*.deb=01;31:*.rpm=01;31:*.jar=01;31:*.jpg=01;35:*.jpeg=01;35:*.gif=01;35:*.bmp=01;35:*.pbm=01;35:*.pgm=01;35:*.ppm=01;35:*.tga=01;35:*.xbm=01;35:*.xpm=01;35:*.tif=01;35:*.tiff=01;35:*.png=01;35:*.mov=01;35:*.mpg=01;35:*.mpeg=01;35:*.avi=01;35:*.fli=01;35:*.gl=01;35:*.dl=01;35:*.xcf=01;35:*.xwd=01;35:*.ogg=01;35:*.mp3=01;35:*.wav=01;35:*.xml=00;31:'), ('SSH_AUTH_SOCK', '/tmp/ssh-XXXXXXolMUZt/agent.29626'), ('AMENT_PREFIX_PATH', '/root/dev_ws/install/my_bot:/opt/ros/rolling:/correct/path/to/install/my_bot'), ('SHELL', '/bin/bash'), ('LESS_TERMCAP_mb', '\x1b[01;31m'), ('ROS_AUTOMATIC_DISCOVERY_RANGE', 'SUBNET'), ('LESS_TERMCAP_md', '\x1b[01;31m'), ('PWD', '/root/dev_ws/build/my_bot'), ('CLICOLOR', '1'), ('LESS_TERMCAP_me', '\x1b[0m'), ('XDG_DATA_DIRS', '/usr/local/share:/usr/share:/var/lib/snapd/desktop'), ('STARSHIP_SESSION_KEY', '1056112664268346'), ('PYTHONPATH', '/opt/ros/rolling/lib/python3.10/site-packages'), ('COLCON', '1'), ('WSL2_GUI_APPS_ENABLED', '1'), ('HOSTTYPE', 'x86_64'), ('EDITOR', 'nvim'), ('CMAKE_PREFIX_PATH', '/root/dev_ws/install/my_bot:/correct/path/to/install/my_bot:/opt/ros/rolling'), ('WSLENV', 'WT_SESSION:WT_PROFILE_ID:')]), 'shell': False}
[2.637377] (my_bot) StdoutLine: {'line': b'-- Install configuration: ""\n'}
[2.637843] (my_bot) StdoutLine: {'line': b'-- Execute custom install script\n'}
[2.639416] (my_bot) StdoutLine: {'line': b'-- Symlinking: /root/dev_ws/install/my_bot/share/my_bot/config/empty.yaml\n'}
[2.649729] (my_bot) StdoutLine: {'line': b'-- Symlinking: /root/dev_ws/install/my_bot/share/my_bot/description/robot.urdf.xacro\n'}
[2.659788] (my_bot) StdoutLine: {'line': b'-- Symlinking: /root/dev_ws/install/my_bot/share/my_bot/launch/rsp.launch.py\n'}
[2.670488] (my_bot) StdoutLine: {'line': b'-- Symlinking: /root/dev_ws/install/my_bot/share/my_bot/worlds/empty.world\n'}
[2.680616] (my_bot) StdoutLine: {'line': b'-- Symlinking: /root/dev_ws/install/my_bot/share/ament_index/resource_index/package_run_dependencies/my_bot\n'}
[2.691004] (my_bot) StdoutLine: {'line': b'-- Symlinking: /root/dev_ws/install/my_bot/share/ament_index/resource_index/parent_prefix_path/my_bot\n'}
[2.701280] (my_bot) StdoutLine: {'line': b'-- Symlinking: /root/dev_ws/install/my_bot/share/my_bot/environment/ament_prefix_path.sh\n'}
[2.708548] (-) TimerEvent: {}
[2.711026] (my_bot) StdoutLine: {'line': b'-- Symlinking: /root/dev_ws/install/my_bot/share/my_bot/environment/ament_prefix_path.dsv\n'}
[2.722274] (my_bot) StdoutLine: {'line': b'-- Symlinking: /root/dev_ws/install/my_bot/share/my_bot/environment/path.sh\n'}
[2.732160] (my_bot) StdoutLine: {'line': b'-- Symlinking: /root/dev_ws/install/my_bot/share/my_bot/environment/path.dsv\n'}
[2.741969] (my_bot) StdoutLine: {'line': b'-- Symlinking: /root/dev_ws/install/my_bot/share/my_bot/local_setup.bash\n'}
[2.752101] (my_bot) StdoutLine: {'line': b'-- Symlinking: /root/dev_ws/install/my_bot/share/my_bot/local_setup.sh\n'}
[2.761626] (my_bot) StdoutLine: {'line': b'-- Symlinking: /root/dev_ws/install/my_bot/share/my_bot/local_setup.zsh\n'}
[2.771233] (my_bot) StdoutLine: {'line': b'-- Symlinking: /root/dev_ws/install/my_bot/share/my_bot/local_setup.dsv\n'}
[2.782269] (my_bot) StdoutLine: {'line': b'-- Symlinking: /root/dev_ws/install/my_bot/share/my_bot/package.dsv\n'}
[2.792458] (my_bot) StdoutLine: {'line': b'-- Symlinking: /root/dev_ws/install/my_bot/share/ament_index/resource_index/packages/my_bot\n'}
[2.803149] (my_bot) StdoutLine: {'line': b'-- Symlinking: /root/dev_ws/install/my_bot/share/my_bot/cmake/my_botConfig.cmake\n'}
[2.808714] (-) TimerEvent: {}
[2.813112] (my_bot) StdoutLine: {'line': b'-- Symlinking: /root/dev_ws/install/my_bot/share/my_bot/cmake/my_botConfig-version.cmake\n'}
[2.822487] (my_bot) StdoutLine: {'line': b'-- Symlinking: /root/dev_ws/install/my_bot/share/my_bot/package.xml\n'}
[2.835685] (my_bot) CommandEnded: {'returncode': 0}
[2.891619] (my_bot) JobEnded: {'identifier': 'my_bot', 'rc': 0}
[2.893263] (-) EventReactorShutdown: {}
