[0.025s] Invoking command in '/root/dev_ws/build/my_bot': CMAKE_PREFIX_PATH=${CMAKE_PREFIX_PATH}:/opt/ros/rolling /usr/bin/cmake /root/dev_ws/src/my_bot -DAMENT_CMAKE_SYMLINK_INSTALL=1 -DCMAKE_INSTALL_PREFIX=/root/dev_ws/install/my_bot
[0.378s] -- The C compiler identification is GNU 11.4.0
[1.091s] -- The CXX compiler identification is GNU 11.4.0
[1.545s] -- Detecting C compiler ABI info
[1.760s] -- Detecting C compiler ABI info - done
[1.769s] -- Check for working C compiler: /usr/bin/cc - skipped
[1.770s] -- Detecting C compile features
[1.771s] -- Detecting C compile features - done
[1.776s] -- Detecting CXX compiler ABI info
[1.999s] -- Detecting CXX compiler ABI info - done
[2.009s] -- Check for working CXX compiler: /usr/bin/c++ - skipped
[2.009s] -- Detecting CXX compile features
[2.010s] -- Detecting CXX compile features - done
[2.021s] -- Found ament_cmake: 2.3.2 (/opt/ros/rolling/share/ament_cmake/cmake)
[2.234s] -- Found Python3: /usr/bin/python3.10 (found version "3.10.12") found components: Interpreter 
[2.337s] -- Override CMake install command with custom implementation using symlinks instead of copying resources
[2.393s] -- Found ament_lint_auto: 0.16.3 (/opt/ros/rolling/share/ament_lint_auto/cmake)
[2.506s] -- Added test 'copyright' to check source files copyright and LICENSE
[2.516s] -- Added test 'flake8' to check Python code syntax and style conventions
[2.516s] -- Configured 'flake8' exclude dirs and/or files: 
[2.518s] -- Added test 'lint_cmake' to check CMake code style
[2.519s] -- Added test 'pep257' to check Python code against some of the docstring style conventions in PEP 257
[2.525s] -- Added test 'xmllint' to check XML markup files
[2.529s] -- Configuring done
[2.536s] -- Generating done
[2.538s] -- Build files have been written to: /root/dev_ws/build/my_bot
[2.544s] Invoked command in '/root/dev_ws/build/my_bot' returned '0': CMAKE_PREFIX_PATH=${CMAKE_PREFIX_PATH}:/opt/ros/rolling /usr/bin/cmake /root/dev_ws/src/my_bot -DAMENT_CMAKE_SYMLINK_INSTALL=1 -DCMAKE_INSTALL_PREFIX=/root/dev_ws/install/my_bot
[2.547s] Invoking command in '/root/dev_ws/build/my_bot': CMAKE_PREFIX_PATH=${CMAKE_PREFIX_PATH}:/opt/ros/rolling /usr/bin/cmake --build /root/dev_ws/build/my_bot -- -j16 -l16
[2.588s] Invoked command in '/root/dev_ws/build/my_bot' returned '0': CMAKE_PREFIX_PATH=${CMAKE_PREFIX_PATH}:/opt/ros/rolling /usr/bin/cmake --build /root/dev_ws/build/my_bot -- -j16 -l16
[2.629s] Invoking command in '/root/dev_ws/build/my_bot': CMAKE_PREFIX_PATH=${CMAKE_PREFIX_PATH}:/opt/ros/rolling /usr/bin/cmake --install /root/dev_ws/build/my_bot
[2.636s] -- Install configuration: ""
[2.636s] -- Execute custom install script
[2.638s] -- Symlinking: /root/dev_ws/install/my_bot/share/my_bot/config/empty.yaml
[2.648s] -- Symlinking: /root/dev_ws/install/my_bot/share/my_bot/description/robot.urdf.xacro
[2.658s] -- Symlinking: /root/dev_ws/install/my_bot/share/my_bot/launch/rsp.launch.py
[2.669s] -- Symlinking: /root/dev_ws/install/my_bot/share/my_bot/worlds/empty.world
[2.679s] -- Symlinking: /root/dev_ws/install/my_bot/share/ament_index/resource_index/package_run_dependencies/my_bot
[2.689s] -- Symlinking: /root/dev_ws/install/my_bot/share/ament_index/resource_index/parent_prefix_path/my_bot
[2.700s] -- Symlinking: /root/dev_ws/install/my_bot/share/my_bot/environment/ament_prefix_path.sh
[2.709s] -- Symlinking: /root/dev_ws/install/my_bot/share/my_bot/environment/ament_prefix_path.dsv
[2.721s] -- Symlinking: /root/dev_ws/install/my_bot/share/my_bot/environment/path.sh
[2.731s] -- Symlinking: /root/dev_ws/install/my_bot/share/my_bot/environment/path.dsv
[2.740s] -- Symlinking: /root/dev_ws/install/my_bot/share/my_bot/local_setup.bash
[2.751s] -- Symlinking: /root/dev_ws/install/my_bot/share/my_bot/local_setup.sh
[2.760s] -- Symlinking: /root/dev_ws/install/my_bot/share/my_bot/local_setup.zsh
[2.770s] -- Symlinking: /root/dev_ws/install/my_bot/share/my_bot/local_setup.dsv
[2.781s] -- Symlinking: /root/dev_ws/install/my_bot/share/my_bot/package.dsv
[2.791s] -- Symlinking: /root/dev_ws/install/my_bot/share/ament_index/resource_index/packages/my_bot
[2.802s] -- Symlinking: /root/dev_ws/install/my_bot/share/my_bot/cmake/my_botConfig.cmake
[2.812s] -- Symlinking: /root/dev_ws/install/my_bot/share/my_bot/cmake/my_botConfig-version.cmake
[2.821s] -- Symlinking: /root/dev_ws/install/my_bot/share/my_bot/package.xml
[2.834s] Invoked command in '/root/dev_ws/build/my_bot' returned '0': CMAKE_PREFIX_PATH=${CMAKE_PREFIX_PATH}:/opt/ros/rolling /usr/bin/cmake --install /root/dev_ws/build/my_bot
