[0.012s] Invoking command in '/root/dev_ws/build/my_bot': CMAKE_PREFIX_PATH=${CMAKE_PREFIX_PATH}:/opt/ros/humble /usr/bin/cmake /root/dev_ws/src/my_bot -DCMAKE_INSTALL_PREFIX=/root/dev_ws/install/my_bot
[0.020s] -- Found ament_cmake: 2.3.2 (/opt/ros/rolling/share/ament_cmake/cmake)
[0.139s] -- Override CMake install command with custom implementation using symlinks instead of copying resources
[0.164s] -- Found ament_lint_auto: 0.16.3 (/opt/ros/rolling/share/ament_lint_auto/cmake)
[0.233s] -- Added test 'copyright' to check source files copyright and LICENSE
[0.242s] -- Added test 'flake8' to check Python code syntax and style conventions
[0.242s] -- Configured 'flake8' exclude dirs and/or files: 
[0.244s] -- Added test 'lint_cmake' to check CMake code style
[0.244s] -- Added test 'pep257' to check Python code against some of the docstring style conventions in PEP 257
[0.249s] -- Added test 'xmllint' to check XML markup files
[0.250s] -- Configuring done
[0.253s] -- Generating done
[0.254s] -- Build files have been written to: /root/dev_ws/build/my_bot
[0.259s] Invoked command in '/root/dev_ws/build/my_bot' returned '0': CMAKE_PREFIX_PATH=${CMAKE_PREFIX_PATH}:/opt/ros/humble /usr/bin/cmake /root/dev_ws/src/my_bot -DCMAKE_INSTALL_PREFIX=/root/dev_ws/install/my_bot
[0.260s] Invoking command in '/root/dev_ws/build/my_bot': CMAKE_PREFIX_PATH=${CMAKE_PREFIX_PATH}:/opt/ros/humble /usr/bin/cmake --build /root/dev_ws/build/my_bot -- -j16 -l16
[0.290s] Invoked command in '/root/dev_ws/build/my_bot' returned '0': CMAKE_PREFIX_PATH=${CMAKE_PREFIX_PATH}:/opt/ros/humble /usr/bin/cmake --build /root/dev_ws/build/my_bot -- -j16 -l16
[0.319s] Invoking command in '/root/dev_ws/build/my_bot': CMAKE_PREFIX_PATH=${CMAKE_PREFIX_PATH}:/opt/ros/humble /usr/bin/cmake --install /root/dev_ws/build/my_bot
[0.324s] -- Install configuration: ""
[0.324s] -- Execute custom install script
[0.324s] -- Up-to-date symlink: /root/dev_ws/install/my_bot/share/my_bot/config/empty.yaml
[0.325s] -- Up-to-date symlink: /root/dev_ws/install/my_bot/share/my_bot/config/view_bot.rviz
[0.325s] -- Up-to-date symlink: /root/dev_ws/install/my_bot/share/my_bot/description/gazebo_control.xacro
[0.325s] -- Up-to-date symlink: /root/dev_ws/install/my_bot/share/my_bot/description/inertial_macros.xacro
[0.325s] -- Up-to-date symlink: /root/dev_ws/install/my_bot/share/my_bot/description/robot.urdf.xacro
[0.325s] -- Up-to-date symlink: /root/dev_ws/install/my_bot/share/my_bot/description/robot_core.xacro
[0.325s] -- Up-to-date symlink: /root/dev_ws/install/my_bot/share/my_bot/launch/launch_sim.launch.py
[0.326s] -- Up-to-date symlink: /root/dev_ws/install/my_bot/share/my_bot/launch/rsp.launch.py
[0.326s] -- Up-to-date symlink: /root/dev_ws/install/my_bot/share/my_bot/worlds/empty.world
[0.326s] -- Up-to-date symlink: /root/dev_ws/install/my_bot/share/ament_index/resource_index/package_run_dependencies/my_bot
[0.326s] -- Up-to-date symlink: /root/dev_ws/install/my_bot/share/ament_index/resource_index/parent_prefix_path/my_bot
[0.326s] -- Up-to-date symlink: /root/dev_ws/install/my_bot/share/my_bot/environment/ament_prefix_path.sh
[0.326s] -- Up-to-date symlink: /root/dev_ws/install/my_bot/share/my_bot/environment/ament_prefix_path.dsv
[0.326s] -- Up-to-date symlink: /root/dev_ws/install/my_bot/share/my_bot/environment/path.sh
[0.327s] -- Up-to-date symlink: /root/dev_ws/install/my_bot/share/my_bot/environment/path.dsv
[0.327s] -- Up-to-date symlink: /root/dev_ws/install/my_bot/share/my_bot/local_setup.bash
[0.327s] -- Up-to-date symlink: /root/dev_ws/install/my_bot/share/my_bot/local_setup.sh
[0.327s] -- Up-to-date symlink: /root/dev_ws/install/my_bot/share/my_bot/local_setup.zsh
[0.327s] -- Up-to-date symlink: /root/dev_ws/install/my_bot/share/my_bot/local_setup.dsv
[0.327s] -- Symlinking: /root/dev_ws/install/my_bot/share/my_bot/package.dsv
[0.335s] -- Up-to-date symlink: /root/dev_ws/install/my_bot/share/ament_index/resource_index/packages/my_bot
[0.335s] -- Up-to-date symlink: /root/dev_ws/install/my_bot/share/my_bot/cmake/my_botConfig.cmake
[0.335s] -- Up-to-date symlink: /root/dev_ws/install/my_bot/share/my_bot/cmake/my_botConfig-version.cmake
[0.335s] -- Up-to-date symlink: /root/dev_ws/install/my_bot/share/my_bot/package.xml
[0.337s] Invoked command in '/root/dev_ws/build/my_bot' returned '0': CMAKE_PREFIX_PATH=${CMAKE_PREFIX_PATH}:/opt/ros/humble /usr/bin/cmake --install /root/dev_ws/build/my_bot
