[0.018s] Invoking command in '/root/dev_ws/build/my_bot': CMAKE_PREFIX_PATH=${CMAKE_PREFIX_PATH}:/opt/ros/humble /usr/bin/cmake /root/dev_ws/src/my_bot -DAMENT_CMAKE_SYMLINK_INSTALL=1 -DCMAKE_INSTALL_PREFIX=/root/dev_ws/install/my_bot
[0.231s] -- The C compiler identification is GNU 11.4.0
[1.106s] -- The CXX compiler identification is GNU 11.4.0
[1.730s] -- Detecting C compiler ABI info
[1.961s] -- Detecting C compiler ABI info - done
[1.971s] -- Check for working C compiler: /usr/bin/cc - skipped
[1.972s] -- Detecting C compile features
[1.972s] -- Detecting C compile features - done
[1.976s] -- Detecting CXX compiler ABI info
[2.269s] -- Detecting CXX compiler ABI info - done
[2.281s] -- Check for working CXX compiler: /usr/bin/c++ - skipped
[2.281s] -- Detecting CXX compile features
[2.282s] -- Detecting CXX compile features - done
[2.286s] -- Found ament_cmake: 1.3.10 (/opt/ros/humble/share/ament_cmake/cmake)
[2.580s] -- Found Python3: /usr/bin/python3 (found version "3.10.12") found components: Interpreter 
[2.736s] -- Override CMake install command with custom implementation using symlinks instead of copying resources
[2.794s] -- Found ament_lint_auto: 0.12.11 (/opt/ros/humble/share/ament_lint_auto/cmake)
[2.957s] -- Added test 'copyright' to check source files copyright and LICENSE
[2.972s] -- Added test 'flake8' to check Python code syntax and style conventions
[2.975s] -- Added test 'lint_cmake' to check CMake code style
[2.976s] -- Added test 'pep257' to check Python code against some of the docstring style conventions in PEP 257
[2.983s] -- Added test 'xmllint' to check XML markup files
[2.986s] -- Configuring done
[2.991s] -- Generating done
[2.993s] -- Build files have been written to: /root/dev_ws/build/my_bot
[3.000s] Invoked command in '/root/dev_ws/build/my_bot' returned '0': CMAKE_PREFIX_PATH=${CMAKE_PREFIX_PATH}:/opt/ros/humble /usr/bin/cmake /root/dev_ws/src/my_bot -DAMENT_CMAKE_SYMLINK_INSTALL=1 -DCMAKE_INSTALL_PREFIX=/root/dev_ws/install/my_bot
[3.004s] Invoking command in '/root/dev_ws/build/my_bot': CMAKE_PREFIX_PATH=${CMAKE_PREFIX_PATH}:/opt/ros/humble /usr/bin/cmake --build /root/dev_ws/build/my_bot -- -j16 -l16
[3.054s] Invoked command in '/root/dev_ws/build/my_bot' returned '0': CMAKE_PREFIX_PATH=${CMAKE_PREFIX_PATH}:/opt/ros/humble /usr/bin/cmake --build /root/dev_ws/build/my_bot -- -j16 -l16
[3.102s] Invoking command in '/root/dev_ws/build/my_bot': CMAKE_PREFIX_PATH=${CMAKE_PREFIX_PATH}:/opt/ros/humble /usr/bin/cmake --install /root/dev_ws/build/my_bot
[3.110s] -- Install configuration: ""
[3.111s] -- Execute custom install script
[3.112s] -- Symlinking: /root/dev_ws/install/my_bot/share/my_bot/config/empty.yaml
[3.122s] -- Symlinking: /root/dev_ws/install/my_bot/share/my_bot/config/empty.yaml:Zone.Identifier
[3.133s] -- Symlinking: /root/dev_ws/install/my_bot/share/my_bot/config/view_bot.rviz
[3.142s] -- Symlinking: /root/dev_ws/install/my_bot/share/my_bot/config/view_bot.rviz:Zone.Identifier
[3.153s] -- Symlinking: /root/dev_ws/install/my_bot/share/my_bot/description/gazebo_control.xacro
[3.163s] -- Symlinking: /root/dev_ws/install/my_bot/share/my_bot/description/gazebo_control.xacro:Zone.Identifier
[3.174s] -- Symlinking: /root/dev_ws/install/my_bot/share/my_bot/description/inertial_macros.xacro
[3.183s] -- Symlinking: /root/dev_ws/install/my_bot/share/my_bot/description/inertial_macros.xacro:Zone.Identifier
[3.193s] -- Symlinking: /root/dev_ws/install/my_bot/share/my_bot/description/robot.urdf.xacro
[3.203s] -- Symlinking: /root/dev_ws/install/my_bot/share/my_bot/description/robot.urdf.xacro:Zone.Identifier
[3.215s] -- Symlinking: /root/dev_ws/install/my_bot/share/my_bot/description/robot_core.xacro
[3.225s] -- Symlinking: /root/dev_ws/install/my_bot/share/my_bot/description/robot_core.xacro:Zone.Identifier
[3.236s] -- Symlinking: /root/dev_ws/install/my_bot/share/my_bot/launch/launch_sim.launch.py
[3.250s] -- Symlinking: /root/dev_ws/install/my_bot/share/my_bot/launch/launch_sim.launch.py:Zone.Identifier
[3.262s] -- Symlinking: /root/dev_ws/install/my_bot/share/my_bot/launch/rsp.launch.py
[3.275s] -- Symlinking: /root/dev_ws/install/my_bot/share/my_bot/launch/rsp.launch.py:Zone.Identifier
[3.288s] -- Symlinking: /root/dev_ws/install/my_bot/share/my_bot/worlds/empty.world
[3.306s] -- Symlinking: /root/dev_ws/install/my_bot/share/my_bot/worlds/empty.world:Zone.Identifier
[3.322s] -- Symlinking: /root/dev_ws/install/my_bot/share/ament_index/resource_index/package_run_dependencies/my_bot
[3.337s] -- Symlinking: /root/dev_ws/install/my_bot/share/ament_index/resource_index/parent_prefix_path/my_bot
[3.354s] -- Symlinking: /root/dev_ws/install/my_bot/share/my_bot/environment/ament_prefix_path.sh
[3.369s] -- Symlinking: /root/dev_ws/install/my_bot/share/my_bot/environment/ament_prefix_path.dsv
[3.384s] -- Symlinking: /root/dev_ws/install/my_bot/share/my_bot/environment/path.sh
[3.397s] -- Symlinking: /root/dev_ws/install/my_bot/share/my_bot/environment/path.dsv
[3.408s] -- Symlinking: /root/dev_ws/install/my_bot/share/my_bot/local_setup.bash
[3.420s] -- Symlinking: /root/dev_ws/install/my_bot/share/my_bot/local_setup.sh
[3.440s] -- Symlinking: /root/dev_ws/install/my_bot/share/my_bot/local_setup.zsh
[3.452s] -- Symlinking: /root/dev_ws/install/my_bot/share/my_bot/local_setup.dsv
[3.462s] -- Symlinking: /root/dev_ws/install/my_bot/share/my_bot/package.dsv
[3.474s] -- Symlinking: /root/dev_ws/install/my_bot/share/ament_index/resource_index/packages/my_bot
[3.485s] -- Symlinking: /root/dev_ws/install/my_bot/share/my_bot/cmake/my_botConfig.cmake
[3.495s] -- Symlinking: /root/dev_ws/install/my_bot/share/my_bot/cmake/my_botConfig-version.cmake
[3.505s] -- Symlinking: /root/dev_ws/install/my_bot/share/my_bot/package.xml
[3.519s] Invoked command in '/root/dev_ws/build/my_bot' returned '0': CMAKE_PREFIX_PATH=${CMAKE_PREFIX_PATH}:/opt/ros/humble /usr/bin/cmake --install /root/dev_ws/build/my_bot
