[0.000000] (-) TimerEvent: {}
[0.002334] (my_bot) JobQueued: {'identifier': 'my_bot', 'dependencies': OrderedDict()}
[0.002557] (my_bot) JobStarted: {'identifier': 'my_bot'}
[0.015435] (my_bot) JobProgress: {'identifier': 'my_bot', 'progress': 'cmake'}
[0.017593] (my_bot) JobProgress: {'identifier': 'my_bot', 'progress': 'build'}
[0.019649] (my_bot) Command: {'cmd': ['/usr/bin/cmake', '--build', '/root/dev_ws/build/my_bot', '--', '-j16', '-l16'], 'cwd': '/root/dev_ws/build/my_bot', 'env': OrderedDict([('LESS_TERMCAP_se', '\x1b[0m'), ('HISTFILESIZE', '10000'), ('HISTTIMEFORMAT', '%F %T'), ('USER', 'root'), ('LESS_TERMCAP_ue', '\x1b[0m'), ('STARSHIP_SHELL', 'bash'), ('XDG_CACHE_HOME', '/root/.cache'), ('SHLVL', '1'), ('WT_PROFILE_ID', '{e5a83caa-4c73-52b3-ae6b-bc438d721ef9}'), ('HOME', '/root'), ('OLDPWD', '/root'), ('LESS_TERMCAP_so', '\x1b[01;44;33m'), ('LINUXTOOLBOXDIR', '/root/linuxtoolbox'), ('VISUAL', 'nvim'), ('XDG_STATE_HOME', '/root/.local/state'), ('DBUS_SESSION_BUS_ADDRESS', 'unix:path=/run/user/0/bus'), ('WSL_DISTRO_NAME', 'Ubuntu-22.04'), ('WAYLAND_DISPLAY', 'wayland-0'), ('LOGNAME', 'root'), ('NAME', 'strix-g15'), ('WSL_INTEROP', '/run/WSL/73615_interop'), ('LESS_TERMCAP_us', '\x1b[01;32m'), ('PULSE_SERVER', 'unix:/mnt/wslg/PulseServer'), ('_', '/usr/bin/colcon'), ('TERM', 'xterm-256color'), ('HISTCONTROL', 'erasedups:ignoredups:ignorespace'), ('PATH', '/usr/local/sbin:/usr/local/bin:/usr/sbin:/usr/bin:/sbin:/bin:/usr/games:/usr/local/games:/usr/lib/wsl/lib:/mnt/c/Program Files/Alacritty/:/mnt/c/Windows/system32:/mnt/c/Windows:/mnt/c/Windows/System32/Wbem:/mnt/c/Windows/System32/WindowsPowerShell/v1.0/:/mnt/c/Windows/System32/OpenSSH/:/mnt/c/Program Files (x86)/NVIDIA Corporation/PhysX/Common:/mnt/c/Program Files/dotnet/:/mnt/c/ProgramData/chocolatey/bin:/mnt/c/Program Files/nodejs/:/mnt/c/Program Files/NVIDIA Corporation/NVIDIA app/NvDLISR:/mnt/c/Program Files/PowerShell/7/:/mnt/c/Program Files/Process Lasso/:/mnt/c/Users/suraj/AppData/Local/Programs/Python/Python312/Scripts/:/mnt/c/Users/suraj/AppData/Local/Programs/Python/Python312/:/mnt/c/Users/suraj/AppData/Local/Microsoft/WindowsApps:/mnt/c/Users/suraj/AppData/Local/Programs/Microsoft VS Code/bin:/mnt/c/Program Files/JetBrains/PyCharm Community Edition 2023.3.3/bin:/mnt/c/Users/suraj/AppData/Local/Programs/oh-my-posh/bin:/mnt/c/Users/suraj/AppData/Local/Microsoft/WinGet/Links:/mnt/c/Users/suraj/AppData/Roaming/npm:/mnt/c/Users/suraj/AppData/Local/GitHubDesktop/bin:/snap/bin:/root/.local/bin:/root/.cargo/bin:/var/lib/flatpak/exports/bin:/.local/share/flatpak/exports/bin'), ('WT_SESSION', 'ade5ab2a-37e5-440c-bfd8-375ed27e5214'), ('XDG_RUNTIME_DIR', '/run/user/0/'), ('DISPLAY', ':0'), ('HISTSIZE', '500'), ('LANG', 'en_US.UTF-8'), ('XDG_DATA_HOME', '/root/.local/share'), ('XDG_CONFIG_HOME', '/root/.config'), ('LS_COLORS', 'no=00:fi=00:di=00;34:ln=01;36:pi=40;33:so=01;35:do=01;35:bd=40;33;01:cd=40;33;01:or=40;31;01:ex=01;32:*.tar=01;31:*.tgz=01;31:*.arj=01;31:*.taz=01;31:*.lzh=01;31:*.zip=01;31:*.z=01;31:*.Z=01;31:*.gz=01;31:*.bz2=01;31:*.deb=01;31:*.rpm=01;31:*.jar=01;31:*.jpg=01;35:*.jpeg=01;35:*.gif=01;35:*.bmp=01;35:*.pbm=01;35:*.pgm=01;35:*.ppm=01;35:*.tga=01;35:*.xbm=01;35:*.xpm=01;35:*.tif=01;35:*.tiff=01;35:*.png=01;35:*.mov=01;35:*.mpg=01;35:*.mpeg=01;35:*.avi=01;35:*.fli=01;35:*.gl=01;35:*.dl=01;35:*.xcf=01;35:*.xwd=01;35:*.ogg=01;35:*.mp3=01;35:*.wav=01;35:*.xml=00;31:'), ('SHELL', '/bin/bash'), ('LESS_TERMCAP_mb', '\x1b[01;31m'), ('LESS_TERMCAP_md', '\x1b[01;31m'), ('PWD', '/root/dev_ws/build/my_bot'), ('CLICOLOR', '1'), ('LESS_TERMCAP_me', '\x1b[0m'), ('XDG_DATA_DIRS', '/usr/local/share:/usr/share:/var/lib/snapd/desktop'), ('STARSHIP_SESSION_KEY', '2515262124106100'), ('COLCON', '1'), ('WSL2_GUI_APPS_ENABLED', '1'), ('HOSTTYPE', 'x86_64'), ('EDITOR', 'nvim'), ('WSLENV', 'WT_SESSION:WT_PROFILE_ID:')]), 'shell': False}
[0.096849] (-) TimerEvent: {}
[0.138305] (my_bot) CommandEnded: {'returncode': 0}
[0.173868] (my_bot) JobProgress: {'identifier': 'my_bot', 'progress': 'install'}
[0.187933] (my_bot) Command: {'cmd': ['/usr/bin/cmake', '--install', '/root/dev_ws/build/my_bot'], 'cwd': '/root/dev_ws/build/my_bot', 'env': OrderedDict([('LESS_TERMCAP_se', '\x1b[0m'), ('HISTFILESIZE', '10000'), ('HISTTIMEFORMAT', '%F %T'), ('USER', 'root'), ('LESS_TERMCAP_ue', '\x1b[0m'), ('STARSHIP_SHELL', 'bash'), ('XDG_CACHE_HOME', '/root/.cache'), ('SHLVL', '1'), ('WT_PROFILE_ID', '{e5a83caa-4c73-52b3-ae6b-bc438d721ef9}'), ('HOME', '/root'), ('OLDPWD', '/root'), ('LESS_TERMCAP_so', '\x1b[01;44;33m'), ('LINUXTOOLBOXDIR', '/root/linuxtoolbox'), ('VISUAL', 'nvim'), ('XDG_STATE_HOME', '/root/.local/state'), ('DBUS_SESSION_BUS_ADDRESS', 'unix:path=/run/user/0/bus'), ('WSL_DISTRO_NAME', 'Ubuntu-22.04'), ('WAYLAND_DISPLAY', 'wayland-0'), ('LOGNAME', 'root'), ('NAME', 'strix-g15'), ('WSL_INTEROP', '/run/WSL/73615_interop'), ('LESS_TERMCAP_us', '\x1b[01;32m'), ('PULSE_SERVER', 'unix:/mnt/wslg/PulseServer'), ('_', '/usr/bin/colcon'), ('TERM', 'xterm-256color'), ('HISTCONTROL', 'erasedups:ignoredups:ignorespace'), ('PATH', '/usr/local/sbin:/usr/local/bin:/usr/sbin:/usr/bin:/sbin:/bin:/usr/games:/usr/local/games:/usr/lib/wsl/lib:/mnt/c/Program Files/Alacritty/:/mnt/c/Windows/system32:/mnt/c/Windows:/mnt/c/Windows/System32/Wbem:/mnt/c/Windows/System32/WindowsPowerShell/v1.0/:/mnt/c/Windows/System32/OpenSSH/:/mnt/c/Program Files (x86)/NVIDIA Corporation/PhysX/Common:/mnt/c/Program Files/dotnet/:/mnt/c/ProgramData/chocolatey/bin:/mnt/c/Program Files/nodejs/:/mnt/c/Program Files/NVIDIA Corporation/NVIDIA app/NvDLISR:/mnt/c/Program Files/PowerShell/7/:/mnt/c/Program Files/Process Lasso/:/mnt/c/Users/suraj/AppData/Local/Programs/Python/Python312/Scripts/:/mnt/c/Users/suraj/AppData/Local/Programs/Python/Python312/:/mnt/c/Users/suraj/AppData/Local/Microsoft/WindowsApps:/mnt/c/Users/suraj/AppData/Local/Programs/Microsoft VS Code/bin:/mnt/c/Program Files/JetBrains/PyCharm Community Edition 2023.3.3/bin:/mnt/c/Users/suraj/AppData/Local/Programs/oh-my-posh/bin:/mnt/c/Users/suraj/AppData/Local/Microsoft/WinGet/Links:/mnt/c/Users/suraj/AppData/Roaming/npm:/mnt/c/Users/suraj/AppData/Local/GitHubDesktop/bin:/snap/bin:/root/.local/bin:/root/.cargo/bin:/var/lib/flatpak/exports/bin:/.local/share/flatpak/exports/bin'), ('WT_SESSION', 'ade5ab2a-37e5-440c-bfd8-375ed27e5214'), ('XDG_RUNTIME_DIR', '/run/user/0/'), ('DISPLAY', ':0'), ('HISTSIZE', '500'), ('LANG', 'en_US.UTF-8'), ('XDG_DATA_HOME', '/root/.local/share'), ('XDG_CONFIG_HOME', '/root/.config'), ('LS_COLORS', 'no=00:fi=00:di=00;34:ln=01;36:pi=40;33:so=01;35:do=01;35:bd=40;33;01:cd=40;33;01:or=40;31;01:ex=01;32:*.tar=01;31:*.tgz=01;31:*.arj=01;31:*.taz=01;31:*.lzh=01;31:*.zip=01;31:*.z=01;31:*.Z=01;31:*.gz=01;31:*.bz2=01;31:*.deb=01;31:*.rpm=01;31:*.jar=01;31:*.jpg=01;35:*.jpeg=01;35:*.gif=01;35:*.bmp=01;35:*.pbm=01;35:*.pgm=01;35:*.ppm=01;35:*.tga=01;35:*.xbm=01;35:*.xpm=01;35:*.tif=01;35:*.tiff=01;35:*.png=01;35:*.mov=01;35:*.mpg=01;35:*.mpeg=01;35:*.avi=01;35:*.fli=01;35:*.gl=01;35:*.dl=01;35:*.xcf=01;35:*.xwd=01;35:*.ogg=01;35:*.mp3=01;35:*.wav=01;35:*.xml=00;31:'), ('SHELL', '/bin/bash'), ('LESS_TERMCAP_mb', '\x1b[01;31m'), ('LESS_TERMCAP_md', '\x1b[01;31m'), ('PWD', '/root/dev_ws/build/my_bot'), ('CLICOLOR', '1'), ('LESS_TERMCAP_me', '\x1b[0m'), ('XDG_DATA_DIRS', '/usr/local/share:/usr/share:/var/lib/snapd/desktop'), ('STARSHIP_SESSION_KEY', '2515262124106100'), ('COLCON', '1'), ('WSL2_GUI_APPS_ENABLED', '1'), ('HOSTTYPE', 'x86_64'), ('EDITOR', 'nvim'), ('WSLENV', 'WT_SESSION:WT_PROFILE_ID:')]), 'shell': False}
[0.197094] (-) TimerEvent: {}
[0.199476] (my_bot) StdoutLine: {'line': b'-- Install configuration: ""\n'}
[0.201840] (my_bot) StdoutLine: {'line': b'-- Execute custom install script\n'}
[0.205343] (my_bot) StdoutLine: {'line': b'-- Up-to-date symlink: /root/dev_ws/install/my_bot/share/my_bot/config/empty.yaml\n'}
[0.205992] (my_bot) StdoutLine: {'line': b'-- Up-to-date symlink: /root/dev_ws/install/my_bot/share/my_bot/config/view_bot.rviz\n'}
[0.206602] (my_bot) StdoutLine: {'line': b'-- Up-to-date symlink: /root/dev_ws/install/my_bot/share/my_bot/description/gazebo_control.xacro\n'}
[0.206985] (my_bot) StdoutLine: {'line': b'-- Up-to-date symlink: /root/dev_ws/install/my_bot/share/my_bot/description/inertial_macros.xacro\n'}
[0.207690] (my_bot) StdoutLine: {'line': b'-- Up-to-date symlink: /root/dev_ws/install/my_bot/share/my_bot/description/robot.urdf.xacro\n'}
[0.207880] (my_bot) StdoutLine: {'line': b'-- Up-to-date symlink: /root/dev_ws/install/my_bot/share/my_bot/description/robot_core.xacro\n'}
[0.208826] (my_bot) StdoutLine: {'line': b'-- Up-to-date symlink: /root/dev_ws/install/my_bot/share/my_bot/launch/launch_sim.launch.py\n'}
[0.209294] (my_bot) StdoutLine: {'line': b'-- Up-to-date symlink: /root/dev_ws/install/my_bot/share/my_bot/launch/rsp.launch.py\n'}
[0.209664] (my_bot) StdoutLine: {'line': b'-- Up-to-date symlink: /root/dev_ws/install/my_bot/share/my_bot/worlds/empty.world\n'}
[0.210320] (my_bot) StdoutLine: {'line': b'-- Up-to-date symlink: /root/dev_ws/install/my_bot/share/ament_index/resource_index/package_run_dependencies/my_bot\n'}
[0.211013] (my_bot) StdoutLine: {'line': b'-- Up-to-date symlink: /root/dev_ws/install/my_bot/share/ament_index/resource_index/parent_prefix_path/my_bot\n'}
[0.211754] (my_bot) StdoutLine: {'line': b'-- Up-to-date symlink: /root/dev_ws/install/my_bot/share/my_bot/environment/ament_prefix_path.sh\n'}
[0.212445] (my_bot) StdoutLine: {'line': b'-- Up-to-date symlink: /root/dev_ws/install/my_bot/share/my_bot/environment/ament_prefix_path.dsv\n'}
[0.212923] (my_bot) StdoutLine: {'line': b'-- Up-to-date symlink: /root/dev_ws/install/my_bot/share/my_bot/environment/path.sh\n'}
[0.213136] (my_bot) StdoutLine: {'line': b'-- Up-to-date symlink: /root/dev_ws/install/my_bot/share/my_bot/environment/path.dsv\n'}
[0.213628] (my_bot) StdoutLine: {'line': b'-- Up-to-date symlink: /root/dev_ws/install/my_bot/share/my_bot/local_setup.bash\n'}
[0.214212] (my_bot) StdoutLine: {'line': b'-- Up-to-date symlink: /root/dev_ws/install/my_bot/share/my_bot/local_setup.sh\n'}
[0.214519] (my_bot) StdoutLine: {'line': b'-- Up-to-date symlink: /root/dev_ws/install/my_bot/share/my_bot/local_setup.zsh\n'}
[0.214638] (my_bot) StdoutLine: {'line': b'-- Up-to-date symlink: /root/dev_ws/install/my_bot/share/my_bot/local_setup.dsv\n'}
[0.214705] (my_bot) StdoutLine: {'line': b'-- Symlinking: /root/dev_ws/install/my_bot/share/my_bot/package.dsv\n'}
[0.234570] (my_bot) StdoutLine: {'line': b'-- Up-to-date symlink: /root/dev_ws/install/my_bot/share/ament_index/resource_index/packages/my_bot\n'}
[0.235068] (my_bot) StdoutLine: {'line': b'-- Up-to-date symlink: /root/dev_ws/install/my_bot/share/my_bot/cmake/my_botConfig.cmake\n'}
[0.235302] (my_bot) StdoutLine: {'line': b'-- Up-to-date symlink: /root/dev_ws/install/my_bot/share/my_bot/cmake/my_botConfig-version.cmake\n'}
[0.235373] (my_bot) StdoutLine: {'line': b'-- Up-to-date symlink: /root/dev_ws/install/my_bot/share/my_bot/package.xml\n'}
[0.240006] (my_bot) CommandEnded: {'returncode': 0}
[0.297967] (-) TimerEvent: {}
[0.364678] (my_bot) JobEnded: {'identifier': 'my_bot', 'rc': 0}
[0.369149] (-) EventReactorShutdown: {}
