[0.012s] Invoking command in '/root/dev_ws/build/my_bot': CMAKE_PREFIX_PATH=${CMAKE_PREFIX_PATH}:/opt/ros/humble /usr/bin/cmake /root/dev_ws/src/my_bot -DAMENT_CMAKE_SYMLINK_INSTALL=1 -DCMAKE_INSTALL_PREFIX=/root/dev_ws/install/my_bot
[0.022s] -- Found ament_cmake: 2.3.2 (/opt/ros/rolling/share/ament_cmake/cmake)
[0.140s] -- Override CMake install command with custom implementation using symlinks instead of copying resources
[0.164s] -- Found ament_lint_auto: 0.16.3 (/opt/ros/rolling/share/ament_lint_auto/cmake)
[0.237s] -- Added test 'copyright' to check source files copyright and LICENSE
[0.248s] -- Added test 'flake8' to check Python code syntax and style conventions
[0.248s] -- Configured 'flake8' exclude dirs and/or files: 
[0.249s] -- Added test 'lint_cmake' to check CMake code style
[0.250s] -- Added test 'pep257' to check Python code against some of the docstring style conventions in PEP 257
[0.254s] -- Added test 'xmllint' to check XML markup files
[0.257s] -- Configuring done
[0.265s] -- Generating done
[0.265s] -- Build files have been written to: /root/dev_ws/build/my_bot
[0.270s] Invoked command in '/root/dev_ws/build/my_bot' returned '0': CMAKE_PREFIX_PATH=${CMAKE_PREFIX_PATH}:/opt/ros/humble /usr/bin/cmake /root/dev_ws/src/my_bot -DAMENT_CMAKE_SYMLINK_INSTALL=1 -DCMAKE_INSTALL_PREFIX=/root/dev_ws/install/my_bot
[0.272s] Invoking command in '/root/dev_ws/build/my_bot': CMAKE_PREFIX_PATH=${CMAKE_PREFIX_PATH}:/opt/ros/humble /usr/bin/cmake --build /root/dev_ws/build/my_bot -- -j16 -l16
[0.302s] Invoked command in '/root/dev_ws/build/my_bot' returned '0': CMAKE_PREFIX_PATH=${CMAKE_PREFIX_PATH}:/opt/ros/humble /usr/bin/cmake --build /root/dev_ws/build/my_bot -- -j16 -l16
[0.328s] Invoking command in '/root/dev_ws/build/my_bot': CMAKE_PREFIX_PATH=${CMAKE_PREFIX_PATH}:/opt/ros/humble /usr/bin/cmake --install /root/dev_ws/build/my_bot
[0.333s] -- Install configuration: ""
[0.333s] -- Execute custom install script
[0.333s] -- Up-to-date symlink: /root/dev_ws/install/my_bot/share/my_bot/config/empty.yaml
[0.333s] -- Up-to-date symlink: /root/dev_ws/install/my_bot/share/my_bot/config/view_bot.rviz
[0.334s] -- Up-to-date symlink: /root/dev_ws/install/my_bot/share/my_bot/description/inertial_macros.xacro
[0.334s] -- Up-to-date symlink: /root/dev_ws/install/my_bot/share/my_bot/description/robot.urdf.xacro
[0.334s] -- Up-to-date symlink: /root/dev_ws/install/my_bot/share/my_bot/description/robot_core.xacro
[0.334s] -- Up-to-date symlink: /root/dev_ws/install/my_bot/share/my_bot/launch/rsp.launch.py
[0.335s] -- Up-to-date symlink: /root/dev_ws/install/my_bot/share/my_bot/worlds/empty.world
[0.335s] -- Up-to-date symlink: /root/dev_ws/install/my_bot/share/ament_index/resource_index/package_run_dependencies/my_bot
[0.335s] -- Up-to-date symlink: /root/dev_ws/install/my_bot/share/ament_index/resource_index/parent_prefix_path/my_bot
[0.335s] -- Up-to-date symlink: /root/dev_ws/install/my_bot/share/my_bot/environment/ament_prefix_path.sh
[0.335s] -- Up-to-date symlink: /root/dev_ws/install/my_bot/share/my_bot/environment/ament_prefix_path.dsv
[0.336s] -- Up-to-date symlink: /root/dev_ws/install/my_bot/share/my_bot/environment/path.sh
[0.336s] -- Up-to-date symlink: /root/dev_ws/install/my_bot/share/my_bot/environment/path.dsv
[0.336s] -- Up-to-date symlink: /root/dev_ws/install/my_bot/share/my_bot/local_setup.bash
[0.336s] -- Up-to-date symlink: /root/dev_ws/install/my_bot/share/my_bot/local_setup.sh
[0.336s] -- Up-to-date symlink: /root/dev_ws/install/my_bot/share/my_bot/local_setup.zsh
[0.336s] -- Up-to-date symlink: /root/dev_ws/install/my_bot/share/my_bot/local_setup.dsv
[0.337s] -- Symlinking: /root/dev_ws/install/my_bot/share/my_bot/package.dsv
[0.344s] -- Up-to-date symlink: /root/dev_ws/install/my_bot/share/ament_index/resource_index/packages/my_bot
[0.345s] -- Up-to-date symlink: /root/dev_ws/install/my_bot/share/my_bot/cmake/my_botConfig.cmake
[0.345s] -- Up-to-date symlink: /root/dev_ws/install/my_bot/share/my_bot/cmake/my_botConfig-version.cmake
[0.345s] -- Up-to-date symlink: /root/dev_ws/install/my_bot/share/my_bot/package.xml
[0.347s] Invoked command in '/root/dev_ws/build/my_bot' returned '0': CMAKE_PREFIX_PATH=${CMAKE_PREFIX_PATH}:/opt/ros/humble /usr/bin/cmake --install /root/dev_ws/build/my_bot
